#
# There is insufficient memory for the Java Runtime Environment to continue.
# Native memory allocation (mmap) failed to map 266338304 bytes for Failed to commit area from 0x0000000702800000 to 0x0000000712600000 of length 266338304.
# Possible reasons:
#   The system is out of physical RAM or swap space
#   The process is running with CompressedOops enabled, and the Java Heap may be blocking the growth of the native heap
# Possible solutions:
#   Reduce memory load on the system
#   Increase physical memory or swap space
#   Check if swap backing store is full
#   Decrease Java heap size (-Xmx/-Xms)
#   Decrease number of Java threads
#   Decrease Java thread stack sizes (-Xss)
#   Set larger code cache with -XX:ReservedCodeCacheSize=
# This output file may be truncated or incomplete.
#
#  Out of Memory Error (./src/hotspot/os/windows/os_windows.cpp:3619), pid=10736, tid=15652
#
# JRE version:  (11.0.13) (build )
# Java VM: OpenJDK 64-Bit Server VM (11.0.13+0-b1751.21-8125866, mixed mode, sharing, tiered, compressed oops, g1 gc, windows-amd64)
# No core dump will be written. Minidumps are not enabled by default on client versions of Windows
#

---------------  S U M M A R Y ------------

Command Line: 

Host: Intel(R) Core(TM) i7-10750H CPU @ 2.60GHz, 12 cores, 15G,  Windows 10 , 64 bit Build 19041 (10.0.19041.3031)
Time: Thu Jul 13 16:58:48 2023 Turkey Standard Time elapsed time: 2.490112 seconds (0d 0h 0m 2s)

---------------  T H R E A D  ---------------

Current thread (0x000001e10ed2a800):  JavaThread "Unknown thread" [_thread_in_vm, id=15652, stack(0x000000a6c9e00000,0x000000a6c9f00000)]

Stack: [0x000000a6c9e00000,0x000000a6c9f00000]
Native frames: (J=compiled Java code, j=interpreted, Vv=VM code, C=native code)
V  [jvm.dll+0x6100fa]
V  [jvm.dll+0x747090]
V  [jvm.dll+0x7486ad]
V  [jvm.dll+0x748d83]
V  [jvm.dll+0x24ab48]
V  [jvm.dll+0x60d164]
V  [jvm.dll+0x601e75]
V  [jvm.dll+0x308bdb]
V  [jvm.dll+0x308b4a]
V  [jvm.dll+0x308a22]
V  [jvm.dll+0x30d986]
V  [jvm.dll+0x357093]
V  [jvm.dll+0x357796]
V  [jvm.dll+0x357193]
V  [jvm.dll+0x2e3448]
V  [jvm.dll+0x2e45f7]
V  [jvm.dll+0x7242e7]
V  [jvm.dll+0x725adc]
V  [jvm.dll+0x364629]
V  [jvm.dll+0x707cee]
V  [jvm.dll+0x3d2633]
V  [jvm.dll+0x3d4a21]
C  [jli.dll+0x536b]
C  [ucrtbase.dll+0x21bb2]
C  [KERNEL32.DLL+0x17614]
C  [ntdll.dll+0x526f1]


---------------  P R O C E S S  ---------------

Threads class SMR info:
_java_thread_list=0x000001e10d3b18f0, length=0, elements={
}

Java Threads: ( => current thread )

Other Threads:
  0x000001e10ed42800 GCTaskThread "GC Thread#0" [stack: 0x000000a6c9f00000,0x000000a6ca000000] [id=13412]
  0x000001e10ed9e800 ConcurrentGCThread "G1 Main Marker" [stack: 0x000000a6ca000000,0x000000a6ca100000] [id=2984]
  0x000001e10ed9f800 ConcurrentGCThread "G1 Conc#0" [stack: 0x000000a6ca100000,0x000000a6ca200000] [id=14904]

[error occurred during error reporting (printing all threads), id 0xc0000005, EXCEPTION_ACCESS_VIOLATION (0xc0000005) at pc=0x00007ffc5d593dd7]

VM state:not at safepoint (not fully initialized)

VM Mutex/Monitor currently owned by a thread:  ([mutex/lock_event])
[0x000001e10ed25db0] Heap_lock - owner thread: 0x000001e10ed2a800

Heap address: 0x0000000702800000, size: 4056 MB, Compressed Oops mode: Non-zero based: 0x0000000702800000
Narrow klass base: 0x0000000000000000, Narrow klass shift: 0

GC Heap History (0 events):
No events

Deoptimization events (0 events):
No events

Classes redefined (0 events):
No events

Internal exceptions (0 events):
No events

Events (1 events):
Event: 0.038 Loaded shared library C:\Program Files\Android\Android Studio\jre\bin\zip.dll


Dynamic libraries:
0x00007ff7bbbe0000 - 0x00007ff7bbbea000 	C:\Program Files\Android\Android Studio\jre\bin\java.EXE
0x00007ffcb4e90000 - 0x00007ffcb5088000 	C:\Windows\SYSTEM32\ntdll.dll
0x00007ffcb3c00000 - 0x00007ffcb3cbf000 	C:\Windows\System32\KERNEL32.DLL
0x00007ffcb28c0000 - 0x00007ffcb2bb6000 	C:\Windows\System32\KERNELBASE.dll
0x00007ffcb2d50000 - 0x00007ffcb2e50000 	C:\Windows\System32\ucrtbase.dll
0x00007ffc87a10000 - 0x00007ffc87a29000 	C:\Program Files\Android\Android Studio\jre\bin\jli.dll
0x00007ffcb3de0000 - 0x00007ffcb3f7d000 	C:\Windows\System32\USER32.dll
0x00007ffcb2570000 - 0x00007ffcb2592000 	C:\Windows\System32\win32u.dll
0x00007ffcb4a00000 - 0x00007ffcb4a2c000 	C:\Windows\System32\GDI32.dll
0x00007ffcb27a0000 - 0x00007ffcb28b5000 	C:\Windows\System32\gdi32full.dll
0x00007ffcb25a0000 - 0x00007ffcb263d000 	C:\Windows\System32\msvcp_win.dll
0x00007ffc836c0000 - 0x00007ffc836d7000 	C:\Program Files\Android\Android Studio\jre\bin\VCRUNTIME140.dll
0x00007ffc97d10000 - 0x00007ffc97faa000 	C:\Windows\WinSxS\amd64_microsoft.windows.common-controls_6595b64144ccf1df_6.0.19041.1110_none_60b5254171f9507e\COMCTL32.dll
0x00007ffcb2ef0000 - 0x00007ffcb2f8e000 	C:\Windows\System32\msvcrt.dll
0x00007ffcb34a0000 - 0x00007ffcb34d0000 	C:\Windows\System32\IMM32.DLL
0x00007ffc620c0000 - 0x00007ffc6215d000 	C:\Program Files\Android\Android Studio\jre\bin\msvcp140.dll
0x00007ffc5d2a0000 - 0x00007ffc5dda2000 	C:\Program Files\Android\Android Studio\jre\bin\server\jvm.dll
0x00007ffcb4b00000 - 0x00007ffcb4baf000 	C:\Windows\System32\ADVAPI32.dll
0x00007ffcb2f90000 - 0x00007ffcb302c000 	C:\Windows\System32\sechost.dll
0x00007ffcb34d0000 - 0x00007ffcb35f6000 	C:\Windows\System32\RPCRT4.dll
0x00007ffcb4c90000 - 0x00007ffcb4c98000 	C:\Windows\System32\PSAPI.DLL
0x00007ffc9e870000 - 0x00007ffc9e897000 	C:\Windows\SYSTEM32\WINMM.dll
0x00007ffca9700000 - 0x00007ffca970a000 	C:\Windows\SYSTEM32\VERSION.dll
0x00007ffcaa920000 - 0x00007ffcaa929000 	C:\Windows\SYSTEM32\WSOCK32.dll
0x00007ffcb3d70000 - 0x00007ffcb3ddb000 	C:\Windows\System32\WS2_32.dll
0x00007ffcb0db0000 - 0x00007ffcb0dc2000 	C:\Windows\SYSTEM32\kernel.appcore.dll
0x00007ffcac110000 - 0x00007ffcac121000 	C:\Program Files\Android\Android Studio\jre\bin\verify.dll
0x00007ffcb03e0000 - 0x00007ffcb05c4000 	C:\Windows\SYSTEM32\DBGHELP.DLL
0x00007ffc9e010000 - 0x00007ffc9e044000 	C:\Windows\SYSTEM32\dbgcore.DLL
0x00007ffcb2bc0000 - 0x00007ffcb2c42000 	C:\Windows\System32\bcryptPrimitives.dll
0x00007ffc97890000 - 0x00007ffc978b9000 	C:\Program Files\Android\Android Studio\jre\bin\java.dll
0x00007ffcac760000 - 0x00007ffcac76b000 	C:\Program Files\Android\Android Studio\jre\bin\jimage.dll
0x00007ffcaa900000 - 0x00007ffcaa918000 	C:\Program Files\Android\Android Studio\jre\bin\zip.dll

dbghelp: loaded successfully - version: 4.0.5 - missing functions: none
symbol engine: initialized successfully - sym options: 0x614 - pdb path: .;C:\Program Files\Android\Android Studio\jre\bin;C:\Windows\SYSTEM32;C:\Windows\WinSxS\amd64_microsoft.windows.common-controls_6595b64144ccf1df_6.0.19041.1110_none_60b5254171f9507e;C:\Program Files\Android\Android Studio\jre\bin\server

VM Arguments:
java_command: <unknown>
java_class_path (initial): <not set>
Launcher Type: SUN_STANDARD

[Global flags]
     intx CICompilerCount                          = 4                                         {product} {ergonomic}
     uint ConcGCThreads                            = 3                                         {product} {ergonomic}
     uint G1ConcRefinementThreads                  = 10                                        {product} {ergonomic}
   size_t G1HeapRegionSize                         = 1048576                                   {product} {ergonomic}
    uintx GCDrainStackTargetSize                   = 64                                        {product} {ergonomic}
   size_t InitialHeapSize                          = 266338304                                 {product} {ergonomic}
   size_t MarkStackSize                            = 4194304                                   {product} {ergonomic}
   size_t MaxHeapSize                              = 4253024256                                {product} {ergonomic}
   size_t MinHeapDeltaBytes                        = 1048576                                   {product} {ergonomic}
    uintx NonNMethodCodeHeapSize                   = 5836300                                {pd product} {ergonomic}
    uintx NonProfiledCodeHeapSize                  = 122910970                              {pd product} {ergonomic}
    uintx ProfiledCodeHeapSize                     = 122910970                              {pd product} {ergonomic}
    uintx ReservedCodeCacheSize                    = 251658240                              {pd product} {ergonomic}
     bool SegmentedCodeCache                       = true                                      {product} {ergonomic}
     bool UseCompressedClassPointers               = true                                 {lp64_product} {ergonomic}
     bool UseCompressedOops                        = true                                 {lp64_product} {ergonomic}
     bool UseG1GC                                  = true                                      {product} {ergonomic}
     bool UseLargePagesIndividualAllocation        = false                                  {pd product} {ergonomic}

Logging:
Log output configuration:
 #0: stdout all=warning uptime,level,tags
 #1: stderr all=off uptime,level,tags

Environment Variables:
PATH=C:\Program Files\Common Files\Oracle\Java\javapath;C:\Program Files (x86)\VMware\VMware Player\bin\;C:\Program Files (x86)\Common Files\Oracle\Java\javapath;C:\Windows\system32;C:\Windows;C:\Windows\System32\Wbem;C:\Windows\System32\WindowsPowerShell\v1.0\;C:\Windows\System32\OpenSSH\;C:\Program Files (x86)\NVIDIA Corporation\PhysX\Common;C:\Program Files\NVIDIA Corporation\NVIDIA NvDLISR;C:\Program Files\dotnet\;C:\Program Files\Microsoft SQL Server\Client SDK\ODBC\170\Tools\Binn\;C:\Program Files (x86)\Microsoft SQL Server\150\DTS\Binn\;C:\Program Files (x86)\dotnet\;C:\Program Files\Microsoft SQL Server\Client SDK\ODBC\110\Tools\Binn\;C:\Program Files (x86)\Microsoft SQL Server\120\Tools\Binn\;C:\Program Files\Microsoft SQL Server\120\Tools\Binn\;C:\Program Files\Microsoft SQL Server\120\DTS\Binn\;C:\Program Files\Git\cmd;C:\Program Files\MATLAB\R2022b\bin;C:\Program Files\Microsoft SQL Server\130\Tools\Binn\;C:\src\flutter\flutter\bin;C:\Users\erdmg\AppData\Local\Pub\Cache\bin;"C:\Users\erdmg\AppData\Roaming\npm;";C:\Program Files\nodejs\;"C:\Program Files\Java\jre1.8.0_341\bin;";C:\Users\erdmg\AppData\Local\Pub\Cache\bin;C:\Users\erdmg\AppData\Roaming\npm;C:\Program Files\Java\jre1.8.0_341\bin;;C:\src\flutter\flutter\bin\mingit\cmd
USERNAME=erdmg
OS=Windows_NT
PROCESSOR_IDENTIFIER=Intel64 Family 6 Model 165 Stepping 2, GenuineIntel



---------------  S Y S T E M  ---------------

OS: Windows 10 , 64 bit Build 19041 (10.0.19041.3031)
OS uptime: 3 days 12:44 hours

CPU:total 12 (initial active 12) (6 cores per cpu, 2 threads per core) family 6 model 165 stepping 2 microcode 0xc6, cmov, cx8, fxsr, mmx, sse, sse2, sse3, ssse3, sse4.1, sse4.2, popcnt, avx, avx2, aes, clmul, erms, 3dnowpref, lzcnt, ht, tsc, tscinvbit, bmi1, bmi2, adx, fma

Memory: 4k page, system-wide physical 16222M (2047M free)
TotalPageFile size 39973M (AvailPageFile size 176M)
current process WorkingSet (physical memory assigned to process): 10M, peak: 10M
current process commit charge ("private bytes"): 64M, peak: 318M

vm_info: OpenJDK 64-Bit Server VM (11.0.13+0-b1751.21-8125866) for windows-amd64 JRE (11.0.13+0-b1751.21-8125866), built on Feb  2 2022 03:00:22 by "builder" with MS VC++ 14.0 (VS2015)

END.
