#
# There is insufficient memory for the Java Runtime Environment to continue.
# Native memory allocation (malloc) failed to allocate 1048576 bytes for AllocateHeap
# Possible reasons:
#   The system is out of physical RAM or swap space
#   The process is running with CompressedOops enabled, and the Java Heap may be blocking the growth of the native heap
# Possible solutions:
#   Reduce memory load on the system
#   Increase physical memory or swap space
#   Check if swap backing store is full
#   Decrease Java heap size (-Xmx/-Xms)
#   Decrease number of Java threads
#   Decrease Java thread stack sizes (-Xss)
#   Set larger code cache with -XX:ReservedCodeCacheSize=
#   JVM is running with Unscaled Compressed Oops mode in which the Java heap is
#     placed in the first 4GB address space. The Java Heap base address is the
#     maximum limit for the native heap growth. Please use -XX:HeapBaseMinAddress
#     to set the Java Heap base and to place the Java Heap above 4GB virtual address.
# This output file may be truncated or incomplete.
#
#  Out of Memory Error (./src/hotspot/share/memory/allocation.cpp:46), pid=17980, tid=7628
#
# JRE version:  (11.0.13) (build )
# Java VM: OpenJDK 64-Bit Server VM (11.0.13+0-b1751.21-8125866, mixed mode, sharing, tiered, compressed oops, g1 gc, windows-amd64)
# No core dump will be written. Minidumps are not enabled by default on client versions of Windows
#

---------------  S U M M A R Y ------------

Command Line: -Dorg.gradle.appname=gradlew org.gradle.wrapper.GradleWrapperMain -q -Ptarget-platform=android-arm64 -Ptarget=C:\Users\erdmg\Desktop\for edc\kazanimlar\firebase_chat_youtube\bubble\firebase_chat\lib\main.dart -Pbase-application-name=android.app.Application -Pdart-defines=Zmx1dHRlci5pbnNwZWN0b3Iuc3RydWN0dXJlZEVycm9ycz10cnVl,RkxVVFRFUl9XRUJfQVVUT19ERVRFQ1Q9dHJ1ZQ== -Pdart-obfuscation=false -Ptrack-widget-creation=true -Ptree-shake-icons=false -Pfilesystem-scheme=org-dartlang-root assembleDebug

Host: Intel(R) Core(TM) i7-10750H CPU @ 2.60GHz, 12 cores, 15G,  Windows 10 , 64 bit Build 19041 (10.0.19041.3031)
Time: Tue Jul 25 20:39:43 2023 Turkey Standard Time elapsed time: 0.010632 seconds (0d 0h 0m 0s)

---------------  T H R E A D  ---------------

Current thread (0x00000291386c5000):  JavaThread "Unknown thread" [_thread_in_vm, id=7628, stack(0x000000caad300000,0x000000caad400000)]

Stack: [0x000000caad300000,0x000000caad400000]
Native frames: (J=compiled Java code, j=interpreted, Vv=VM code, C=native code)
V  [jvm.dll+0x6100fa]
V  [jvm.dll+0x747090]
V  [jvm.dll+0x7486ad]
V  [jvm.dll+0x748d83]
V  [jvm.dll+0x24ab48]
V  [jvm.dll+0xb7984]
V  [jvm.dll+0x2df5d8]
V  [jvm.dll+0x7242d7]
V  [jvm.dll+0x725adc]
V  [jvm.dll+0x364629]
V  [jvm.dll+0x707cee]
V  [jvm.dll+0x3d2633]
V  [jvm.dll+0x3d4a21]
C  [jli.dll+0x536b]
C  [ucrtbase.dll+0x21bb2]
C  [KERNEL32.DLL+0x17614]
C  [ntdll.dll+0x526f1]


---------------  P R O C E S S  ---------------

Threads class SMR info:
_java_thread_list=0x00000291384e2b70, length=0, elements={
}

Java Threads: ( => current thread )

Other Threads:

=>0x00000291386c5000 (exited) JavaThread "Unknown thread" [_thread_in_vm, id=7628, stack(0x000000caad300000,0x000000caad400000)]

Threads with active compile tasks:

VM state:not at safepoint (not fully initialized)

VM Mutex/Monitor currently owned by a thread: None


[error occurred during error reporting (printing compressed oops mode), id 0xc0000005, EXCEPTION_ACCESS_VIOLATION (0xc0000005) at pc=0x00007ff8b0215127]

GC Heap History (0 events):
No events

Deoptimization events (0 events):
No events

Classes redefined (0 events):
No events

Internal exceptions (0 events):
No events

Events (1 events):
Event: 0.007 Loaded shared library C:\Program Files\Android\Android Studio\jre\bin\zip.dll


Dynamic libraries:
0x00007ff69b250000 - 0x00007ff69b25a000 	C:\Program Files\Android\Android Studio\jre\bin\java.exe
0x00007ff95c810000 - 0x00007ff95ca08000 	C:\Windows\SYSTEM32\ntdll.dll
0x00007ff95c2b0000 - 0x00007ff95c36f000 	C:\Windows\System32\KERNEL32.DLL
0x00007ff95a020000 - 0x00007ff95a316000 	C:\Windows\System32\KERNELBASE.dll
0x00007ff95a5a0000 - 0x00007ff95a6a0000 	C:\Windows\System32\ucrtbase.dll
0x00007ff926ce0000 - 0x00007ff926cf7000 	C:\Program Files\Android\Android Studio\jre\bin\VCRUNTIME140.dll
0x00007ff92b190000 - 0x00007ff92b1a9000 	C:\Program Files\Android\Android Studio\jre\bin\jli.dll
0x00007ff95b660000 - 0x00007ff95b7fd000 	C:\Windows\System32\USER32.dll
0x00007ff95a570000 - 0x00007ff95a592000 	C:\Windows\System32\win32u.dll
0x00007ff95b630000 - 0x00007ff95b65c000 	C:\Windows\System32\GDI32.dll
0x00007ff95a750000 - 0x00007ff95a865000 	C:\Windows\System32\gdi32full.dll
0x00007ff959ef0000 - 0x00007ff959f8d000 	C:\Windows\System32\msvcp_win.dll
0x00007ff944530000 - 0x00007ff9447ca000 	C:\Windows\WinSxS\amd64_microsoft.windows.common-controls_6595b64144ccf1df_6.0.19041.1110_none_60b5254171f9507e\COMCTL32.dll
0x00007ff95afe0000 - 0x00007ff95b07e000 	C:\Windows\System32\msvcrt.dll
0x00007ff95c0a0000 - 0x00007ff95c0d0000 	C:\Windows\System32\IMM32.DLL
0x00007ff90c080000 - 0x00007ff90c11d000 	C:\Program Files\Android\Android Studio\jre\bin\msvcp140.dll
0x00007ff8afaf0000 - 0x00007ff8b05f2000 	C:\Program Files\Android\Android Studio\jre\bin\server\jvm.dll
0x00007ff95aeb0000 - 0x00007ff95af5f000 	C:\Windows\System32\ADVAPI32.dll
0x00007ff95c610000 - 0x00007ff95c6ac000 	C:\Windows\System32\sechost.dll
0x00007ff95a910000 - 0x00007ff95aa36000 	C:\Windows\System32\RPCRT4.dll
0x00007ff95a8a0000 - 0x00007ff95a8a8000 	C:\Windows\System32\PSAPI.DLL
0x00007ff954630000 - 0x00007ff954639000 	C:\Windows\SYSTEM32\WSOCK32.dll
0x00007ff95c760000 - 0x00007ff95c7cb000 	C:\Windows\System32\WS2_32.dll
0x00007ff942de0000 - 0x00007ff942e07000 	C:\Windows\SYSTEM32\WINMM.dll
0x00007ff951540000 - 0x00007ff95154a000 	C:\Windows\SYSTEM32\VERSION.dll
0x00007ff958730000 - 0x00007ff958742000 	C:\Windows\SYSTEM32\kernel.appcore.dll
0x00007ff9535d0000 - 0x00007ff9535e1000 	C:\Program Files\Android\Android Studio\jre\bin\verify.dll
0x00007ff957c10000 - 0x00007ff957df4000 	C:\Windows\SYSTEM32\DBGHELP.DLL
0x00007ff932e70000 - 0x00007ff932ea4000 	C:\Windows\SYSTEM32\dbgcore.DLL
0x00007ff959f90000 - 0x00007ff95a012000 	C:\Windows\System32\bcryptPrimitives.dll
0x00007ff951bd0000 - 0x00007ff951bf9000 	C:\Program Files\Android\Android Studio\jre\bin\java.dll
0x00007ff9545f0000 - 0x00007ff9545fb000 	C:\Program Files\Android\Android Studio\jre\bin\jimage.dll
0x00007ff951ae0000 - 0x00007ff951af8000 	C:\Program Files\Android\Android Studio\jre\bin\zip.dll

dbghelp: loaded successfully - version: 4.0.5 - missing functions: none
symbol engine: initialized successfully - sym options: 0x614 - pdb path: .;C:\Program Files\Android\Android Studio\jre\bin;C:\Windows\SYSTEM32;C:\Windows\WinSxS\amd64_microsoft.windows.common-controls_6595b64144ccf1df_6.0.19041.1110_none_60b5254171f9507e;C:\Program Files\Android\Android Studio\jre\bin\server

VM Arguments:
jvm_args: -Dorg.gradle.appname=gradlew 
java_command: org.gradle.wrapper.GradleWrapperMain -q -Ptarget-platform=android-arm64 -Ptarget=C:\Users\erdmg\Desktop\for edc\kazanimlar\firebase_chat_youtube\bubble\firebase_chat\lib\main.dart -Pbase-application-name=android.app.Application -Pdart-defines=Zmx1dHRlci5pbnNwZWN0b3Iuc3RydWN0dXJlZEVycm9ycz10cnVl,RkxVVFRFUl9XRUJfQVVUT19ERVRFQ1Q9dHJ1ZQ== -Pdart-obfuscation=false -Ptrack-widget-creation=true -Ptree-shake-icons=false -Pfilesystem-scheme=org-dartlang-root assembleDebug
java_class_path (initial): C:\Users\erdmg\Desktop\for edc\kazanimlar\firebase_chat_youtube\bubble\firebase_chat\android\\gradle\wrapper\gradle-wrapper.jar
Launcher Type: SUN_STANDARD

[Global flags]
     intx CICompilerCount                          = 4                                         {product} {ergonomic}
     uint G1ConcRefinementThreads                  = 10                                        {product} {ergonomic}
   size_t G1HeapRegionSize                         = 1048576                                   {product} {ergonomic}
    uintx GCDrainStackTargetSize                   = 64                                        {product} {ergonomic}
   size_t InitialHeapSize                          = 266338304                                 {product} {ergonomic}
   size_t MaxHeapSize                              = 4253024256                                {product} {ergonomic}
   size_t MinHeapDeltaBytes                        = 1048576                                   {product} {ergonomic}
    uintx NonNMethodCodeHeapSize                   = 5836300                                {pd product} {ergonomic}
    uintx NonProfiledCodeHeapSize                  = 122910970                              {pd product} {ergonomic}
    uintx ProfiledCodeHeapSize                     = 122910970                              {pd product} {ergonomic}
    uintx ReservedCodeCacheSize                    = 251658240                              {pd product} {ergonomic}
     bool SegmentedCodeCache                       = true                                      {product} {ergonomic}
     bool UseCompressedClassPointers               = true                                 {lp64_product} {ergonomic}
     bool UseCompressedOops                        = true                                 {lp64_product} {ergonomic}
     bool UseG1GC                                  = true                                      {product} {ergonomic}
     bool UseLargePagesIndividualAllocation        = false                                  {pd product} {ergonomic}

Logging:
Log output configuration:
 #0: stdout all=warning uptime,level,tags
 #1: stderr all=off uptime,level,tags

Environment Variables:
JAVA_HOME=C:\Program Files\Android\Android Studio\jre
CLASSPATH=C:\Users\erdmg\Desktop\for edc\kazanimlar\firebase_chat_youtube\bubble\firebase_chat\android\\gradle\wrapper\gradle-wrapper.jar
PATH=C:\Program Files\Common Files\Oracle\Java\javapath;C:\Program Files (x86)\VMware\VMware Player\bin\;C:\Program Files (x86)\Common Files\Oracle\Java\javapath;C:\Windows\system32;C:\Windows;C:\Windows\System32\Wbem;C:\Windows\System32\WindowsPowerShell\v1.0\;C:\Windows\System32\OpenSSH\;C:\Program Files (x86)\NVIDIA Corporation\PhysX\Common;C:\Program Files\NVIDIA Corporation\NVIDIA NvDLISR;C:\Program Files\dotnet\;C:\Program Files\Microsoft SQL Server\Client SDK\ODBC\170\Tools\Binn\;C:\Program Files (x86)\Microsoft SQL Server\150\DTS\Binn\;C:\Program Files (x86)\dotnet\;C:\Program Files\Microsoft SQL Server\Client SDK\ODBC\110\Tools\Binn\;C:\Program Files (x86)\Microsoft SQL Server\120\Tools\Binn\;C:\Program Files\Microsoft SQL Server\120\Tools\Binn\;C:\Program Files\Microsoft SQL Server\120\DTS\Binn\;C:\Program Files\Git\cmd;C:\Program Files\MATLAB\R2022b\bin;C:\Program Files\Microsoft SQL Server\130\Tools\Binn\;C:\src\flutter\flutter\bin;C:\Users\erdmg\AppData\Local\Pub\Cache\bin;"C:\Users\erdmg\AppData\Roaming\npm;";C:\Program Files\nodejs\;"C:\Program Files\Java\jre1.8.0_341\bin;";C:\Program Files\Android\Android Studio\jre;C:\Users\erdmg\AppData\Local\Pub\Cache\bin;C:\Users\erdmg\AppData\Roaming\npm;C:\Program Files\Java\jre1.8.0_341\bin;C:\Program Files\Android\Android Studio\jre;;C:\src\flutter\flutter\bin\mingit\cmd
USERNAME=erdmg
OS=Windows_NT
PROCESSOR_IDENTIFIER=Intel64 Family 6 Model 165 Stepping 2, GenuineIntel



---------------  S Y S T E M  ---------------

OS: Windows 10 , 64 bit Build 19041 (10.0.19041.3031)
OS uptime: 7 days 1:50 hours

CPU:total 12 (initial active 12) (6 cores per cpu, 2 threads per core) family 6 model 165 stepping 2 microcode 0xc6, cmov, cx8, fxsr, mmx, sse, sse2, sse3, ssse3, sse4.1, sse4.2, popcnt, avx, avx2, aes, clmul, erms, 3dnowpref, lzcnt, ht, tsc, tscinvbit, bmi1, bmi2, adx, fma

Memory: 4k page, system-wide physical 16222M (2034M free)
TotalPageFile size 40222M (AvailPageFile size 5M)
current process WorkingSet (physical memory assigned to process): 9M, peak: 9M
current process commit charge ("private bytes"): 16M, peak: 17M

vm_info: OpenJDK 64-Bit Server VM (11.0.13+0-b1751.21-8125866) for windows-amd64 JRE (11.0.13+0-b1751.21-8125866), built on Feb  2 2022 03:00:22 by "builder" with MS VC++ 14.0 (VS2015)

END.
