#
# There is insufficient memory for the Java Runtime Environment to continue.
# Native memory allocation (mmap) failed to map 266338304 bytes for Failed to commit area from 0x0000000702800000 to 0x0000000712600000 of length 266338304.
# Possible reasons:
#   The system is out of physical RAM or swap space
#   The process is running with CompressedOops enabled, and the Java Heap may be blocking the growth of the native heap
# Possible solutions:
#   Reduce memory load on the system
#   Increase physical memory or swap space
#   Check if swap backing store is full
#   Decrease Java heap size (-Xmx/-Xms)
#   Decrease number of Java threads
#   Decrease Java thread stack sizes (-Xss)
#   Set larger code cache with -XX:ReservedCodeCacheSize=
# This output file may be truncated or incomplete.
#
#  Out of Memory Error (./open/src/hotspot/os/windows/os_windows.cpp:3275), pid=8680, tid=15344
#
# JRE version:  (11.0.9+7) (build )
# Java VM: Java HotSpot(TM) 64-Bit Server VM (11.0.9+7-LTS, mixed mode, sharing, tiered, compressed oops, g1 gc, windows-amd64)
# No core dump will be written. Minidumps are not enabled by default on client versions of Windows
#

---------------  S U M M A R Y ------------

Command Line: 

Host: Intel(R) Core(TM) i7-10750H CPU @ 2.60GHz, 12 cores, 15G,  Windows 10 , 64 bit Build 19041 (10.0.19041.3031)
Time: Thu Jul 13 16:41:19 2023 Turkey Standard Time elapsed time: 0.013170 seconds (0d 0h 0m 0s)

---------------  T H R E A D  ---------------

Current thread (0x000002997f217800):  JavaThread "Unknown thread" [_thread_in_vm, id=15344, stack(0x000000b3b9400000,0x000000b3b9500000)]

Stack: [0x000000b3b9400000,0x000000b3b9500000]
Native frames: (J=compiled Java code, j=interpreted, Vv=VM code, C=native code)
V  [jvm.dll+0x611a3a]
V  [jvm.dll+0x748aaf]
V  [jvm.dll+0x74a135]
V  [jvm.dll+0x74a7b3]
V  [jvm.dll+0x2439f8]
V  [jvm.dll+0x60eeda]
V  [jvm.dll+0x603de5]
V  [jvm.dll+0x2f785c]
V  [jvm.dll+0x2f76e2]
V  [jvm.dll+0x2fc396]
V  [jvm.dll+0x33e1df]
V  [jvm.dll+0x33dc10]
V  [jvm.dll+0x2d5aa8]
V  [jvm.dll+0x2d6c06]
V  [jvm.dll+0x724927]
V  [jvm.dll+0x7261cf]
V  [jvm.dll+0x34af59]
V  [jvm.dll+0x70a4a0]
V  [jvm.dll+0x3b415f]
V  [jvm.dll+0x3b6201]
C  [jli.dll+0x520b]
C  [ucrtbase.dll+0x21bb2]
C  [KERNEL32.DLL+0x17614]
C  [ntdll.dll+0x526f1]


---------------  P R O C E S S  ---------------

Threads class SMR info:
_java_thread_list=0x000002997d7512f0, length=0, elements={
}

Java Threads: ( => current thread )

Other Threads:
  0x000002997f22e000 GCTaskThread "GC Thread#0" [stack: 0x000000b3b9500000,0x000000b3b9600000] [id=14696]
  0x000002997f28a000 ConcurrentGCThread "G1 Main Marker" [stack: 0x000000b3b9600000,0x000000b3b9700000] [id=16892]
  0x000002997f28d800 ConcurrentGCThread "G1 Conc#0" [stack: 0x000000b3b9700000,0x000000b3b9800000] [id=820]

[error occurred during error reporting (printing all threads), id 0xc0000005, EXCEPTION_ACCESS_VIOLATION (0xc0000005) at pc=0x00007ffc186c42a7]

VM state:not at safepoint (not fully initialized)

VM Mutex/Monitor currently owned by a thread:  ([mutex/lock_event])
[0x000002997f214850] Heap_lock - owner thread: 0x000002997f217800

Heap address: 0x0000000702800000, size: 4056 MB, Compressed Oops mode: Non-zero based: 0x0000000702800000
Narrow klass base: 0x0000000000000000, Narrow klass shift: 0

GC Heap History (0 events):
No events

Deoptimization events (0 events):
No events

Classes redefined (0 events):
No events

Internal exceptions (0 events):
No events

Events (0 events):
No events


Dynamic libraries:
0x00007ff6ed750000 - 0x00007ff6ed75f000 	C:\Program Files\Java\jdk-11.0.9\bin\java.exe
0x00007ffcb4e90000 - 0x00007ffcb5088000 	C:\Windows\SYSTEM32\ntdll.dll
0x00007ffcb3c00000 - 0x00007ffcb3cbf000 	C:\Windows\System32\KERNEL32.DLL
0x00007ffcb28c0000 - 0x00007ffcb2bb6000 	C:\Windows\System32\KERNELBASE.dll
0x00007ffcb2d50000 - 0x00007ffcb2e50000 	C:\Windows\System32\ucrtbase.dll
0x00007ffc78510000 - 0x00007ffc78525000 	C:\Program Files\Java\jdk-11.0.9\bin\VCRUNTIME140.dll
0x00007ffc6c430000 - 0x00007ffc6c448000 	C:\Program Files\Java\jdk-11.0.9\bin\jli.dll
0x00007ffcb4b00000 - 0x00007ffcb4baf000 	C:\Windows\System32\ADVAPI32.dll
0x00007ffcb2ef0000 - 0x00007ffcb2f8e000 	C:\Windows\System32\msvcrt.dll
0x00007ffcb2f90000 - 0x00007ffcb302c000 	C:\Windows\System32\sechost.dll
0x00007ffcb34d0000 - 0x00007ffcb35f6000 	C:\Windows\System32\RPCRT4.dll
0x00007ffcb3de0000 - 0x00007ffcb3f7d000 	C:\Windows\System32\USER32.dll
0x00007ffcb2570000 - 0x00007ffcb2592000 	C:\Windows\System32\win32u.dll
0x00007ffc97d10000 - 0x00007ffc97faa000 	C:\Windows\WinSxS\amd64_microsoft.windows.common-controls_6595b64144ccf1df_6.0.19041.1110_none_60b5254171f9507e\COMCTL32.dll
0x00007ffcb4a00000 - 0x00007ffcb4a2c000 	C:\Windows\System32\GDI32.dll
0x00007ffcb27a0000 - 0x00007ffcb28b5000 	C:\Windows\System32\gdi32full.dll
0x00007ffcb25a0000 - 0x00007ffcb263d000 	C:\Windows\System32\msvcp_win.dll
0x00007ffca9700000 - 0x00007ffca970a000 	C:\Windows\SYSTEM32\VERSION.dll
0x00007ffcb34a0000 - 0x00007ffcb34d0000 	C:\Windows\System32\IMM32.DLL
0x00007ffc68020000 - 0x00007ffc680bb000 	C:\Program Files\Java\jdk-11.0.9\bin\msvcp140.dll
0x00007ffc183e0000 - 0x00007ffc18ed7000 	C:\Program Files\Java\jdk-11.0.9\bin\server\jvm.dll
0x00007ffcb4c90000 - 0x00007ffcb4c98000 	C:\Windows\System32\PSAPI.DLL
0x00007ffcaa920000 - 0x00007ffcaa929000 	C:\Windows\SYSTEM32\WSOCK32.dll
0x00007ffc9e870000 - 0x00007ffc9e897000 	C:\Windows\SYSTEM32\WINMM.dll
0x00007ffcb3d70000 - 0x00007ffcb3ddb000 	C:\Windows\System32\WS2_32.dll
0x00007ffcb0db0000 - 0x00007ffcb0dc2000 	C:\Windows\SYSTEM32\kernel.appcore.dll
0x00007ffc88070000 - 0x00007ffc88080000 	C:\Program Files\Java\jdk-11.0.9\bin\verify.dll
0x00007ffcb03e0000 - 0x00007ffcb05c4000 	C:\Windows\SYSTEM32\DBGHELP.DLL
0x00007ffc9e010000 - 0x00007ffc9e044000 	C:\Windows\SYSTEM32\dbgcore.DLL
0x00007ffcb2bc0000 - 0x00007ffcb2c42000 	C:\Windows\System32\bcryptPrimitives.dll
0x00007ffc6bdf0000 - 0x00007ffc6be18000 	C:\Program Files\Java\jdk-11.0.9\bin\java.dll
0x00007ffc879f0000 - 0x00007ffc879fa000 	C:\Program Files\Java\jdk-11.0.9\bin\jimage.dll
0x00007ffc6bdd0000 - 0x00007ffc6bde6000 	C:\Program Files\Java\jdk-11.0.9\bin\zip.dll

dbghelp: loaded successfully - version: 4.0.5 - missing functions: none
symbol engine: initialized successfully - sym options: 0x614 - pdb path: .;C:\Program Files\Java\jdk-11.0.9\bin;C:\Windows\SYSTEM32;C:\Windows\WinSxS\amd64_microsoft.windows.common-controls_6595b64144ccf1df_6.0.19041.1110_none_60b5254171f9507e;C:\Program Files\Java\jdk-11.0.9\bin\server

VM Arguments:
java_command: <unknown>
java_class_path (initial): <not set>
Launcher Type: SUN_STANDARD

[Global flags]
     intx CICompilerCount                          = 4                                         {product} {ergonomic}
     uint ConcGCThreads                            = 3                                         {product} {ergonomic}
     uint G1ConcRefinementThreads                  = 10                                        {product} {ergonomic}
   size_t G1HeapRegionSize                         = 1048576                                   {product} {ergonomic}
    uintx GCDrainStackTargetSize                   = 64                                        {product} {ergonomic}
   size_t InitialHeapSize                          = 266338304                                 {product} {ergonomic}
   size_t MarkStackSize                            = 4194304                                   {product} {ergonomic}
   size_t MaxHeapSize                              = 4253024256                                {product} {ergonomic}
   size_t MinHeapDeltaBytes                        = 1048576                                   {product} {ergonomic}
    uintx NonNMethodCodeHeapSize                   = 5836300                                {pd product} {ergonomic}
    uintx NonProfiledCodeHeapSize                  = 122910970                              {pd product} {ergonomic}
    uintx ProfiledCodeHeapSize                     = 122910970                              {pd product} {ergonomic}
    uintx ReservedCodeCacheSize                    = 251658240                              {pd product} {ergonomic}
     bool SegmentedCodeCache                       = true                                      {product} {ergonomic}
     bool UseCompressedClassPointers               = true                                 {lp64_product} {ergonomic}
     bool UseCompressedOops                        = true                                 {lp64_product} {ergonomic}
     bool UseG1GC                                  = true                                      {product} {ergonomic}
     bool UseLargePagesIndividualAllocation        = false                                  {pd product} {ergonomic}

Logging:
Log output configuration:
 #0: stdout all=warning uptime,level,tags
 #1: stderr all=off uptime,level,tags

Environment Variables:
PATH=C:\Program Files\Common Files\Oracle\Java\javapath;C:\Program Files (x86)\VMware\VMware Player\bin\;C:\Program Files (x86)\Common Files\Oracle\Java\javapath;C:\Windows\system32;C:\Windows;C:\Windows\System32\Wbem;C:\Windows\System32\WindowsPowerShell\v1.0\;C:\Windows\System32\OpenSSH\;C:\Program Files (x86)\NVIDIA Corporation\PhysX\Common;C:\Program Files\NVIDIA Corporation\NVIDIA NvDLISR;C:\Program Files\dotnet\;C:\Program Files\Microsoft SQL Server\Client SDK\ODBC\170\Tools\Binn\;C:\Program Files (x86)\Microsoft SQL Server\150\DTS\Binn\;C:\Program Files (x86)\dotnet\;C:\Program Files\Microsoft SQL Server\Client SDK\ODBC\110\Tools\Binn\;C:\Program Files (x86)\Microsoft SQL Server\120\Tools\Binn\;C:\Program Files\Microsoft SQL Server\120\Tools\Binn\;C:\Program Files\Microsoft SQL Server\120\DTS\Binn\;C:\Program Files\Git\cmd;C:\Program Files\MATLAB\R2022b\bin;C:\Program Files\Microsoft SQL Server\130\Tools\Binn\;C:\src\flutter\flutter\bin;C:\Users\erdmg\AppData\Local\Pub\Cache\bin;"C:\Users\erdmg\AppData\Roaming\npm;";C:\Program Files\nodejs\;C:\Users\erdmg\AppData\Local\Pub\Cache\bin;C:\Users\erdmg\AppData\Roaming\npm;C:\src\flutter\flutter\bin\mingit\cmd
USERNAME=erdmg
OS=Windows_NT
PROCESSOR_IDENTIFIER=Intel64 Family 6 Model 165 Stepping 2, GenuineIntel



---------------  S Y S T E M  ---------------

OS: Windows 10 , 64 bit Build 19041 (10.0.19041.3031)

CPU:total 12 (initial active 12) (6 cores per cpu, 2 threads per core) family 6 model 165 stepping 2, cmov, cx8, fxsr, mmx, sse, sse2, sse3, ssse3, sse4.1, sse4.2, popcnt, avx, avx2, aes, clmul, erms, 3dnowpref, lzcnt, ht, tsc, tscinvbit, bmi1, bmi2, adx, fma

Memory: 4k page, system-wide physical 16222M (1840M free)
TotalPageFile size 40222M (AvailPageFile size 126M)
current process WorkingSet (physical memory assigned to process): 10M, peak: 10M
current process commit charge ("private bytes"): 64M, peak: 318M

vm_info: Java HotSpot(TM) 64-Bit Server VM (11.0.9+7-LTS) for windows-amd64 JRE (11.0.9+7-LTS), built on Sep 15 2020 16:47:03 by "mach5one" with MS VC++ 15.9 (VS2017)

END.
